# Logfile created on 2015-05-03 02:17:46 -0700 by logger.rb/44203
D, [2015-05-03T02:17:46.752673 #12027] DEBUG -- : DRAGONFLY: shell command: 'convert' '/Users/jceipek/Development/Tetheron/source/images/loop.gif' '-resize' '100x100^^' '-gravity' 'Center' '-crop' '100x100+0+0' '+repage' '/var/folders/zc/j_737dh967l96ss406b94dtm0000gn/T/dragonfly20150503-12027-zrf8ly.gif'
D, [2015-05-03T02:17:47.142028 #12027] DEBUG -- : DRAGONFLY: shell command: 'convert' '/Users/jceipek/Development/Tetheron/source/images/loop.gif' '-resize' '100x100^^' '-gravity' 'Center' '-crop' '100x100+0+0' '+repage' '/var/folders/zc/j_737dh967l96ss406b94dtm0000gn/T/dragonfly20150503-12027-8l35xv.gif'
D, [2015-05-03T02:17:47.495652 #12027] DEBUG -- : DRAGONFLY: shell command: 'convert' '/Users/jceipek/Development/Tetheron/source/images/loop.gif' '-resize' '100x100^^' '-gravity' 'Center' '-crop' '100x100+0+0' '+repage' '/var/folders/zc/j_737dh967l96ss406b94dtm0000gn/T/dragonfly20150503-12027-47xbja.gif'
D, [2015-05-03T02:17:47.836909 #12027] DEBUG -- : DRAGONFLY: shell command: 'convert' '/Users/jceipek/Development/Tetheron/source/images/loop.gif' '-resize' '100x100^^' '-gravity' 'Center' '-crop' '100x100+0+0' '+repage' '/var/folders/zc/j_737dh967l96ss406b94dtm0000gn/T/dragonfly20150503-12027-195yegw.gif'
D, [2015-05-03T02:17:48.180952 #12027] DEBUG -- : DRAGONFLY: shell command: 'convert' '/Users/jceipek/Development/Tetheron/source/images/loop.gif' '-resize' '100x100^^' '-gravity' 'Center' '-crop' '100x100+0+0' '+repage' '/var/folders/zc/j_737dh967l96ss406b94dtm0000gn/T/dragonfly20150503-12027-1v2pmq5.gif'
D, [2015-05-03T02:17:48.533895 #12027] DEBUG -- : DRAGONFLY: shell command: 'convert' '/Users/jceipek/Development/Tetheron/source/images/loop.gif' '-resize' '100x100^^' '-gravity' 'Center' '-crop' '100x100+0+0' '+repage' '/var/folders/zc/j_737dh967l96ss406b94dtm0000gn/T/dragonfly20150503-12027-h1ldxf.gif'
D, [2015-05-03T02:17:48.884881 #12027] DEBUG -- : DRAGONFLY: shell command: 'convert' '/Users/jceipek/Development/Tetheron/source/images/loop.gif' '-resize' '100x100^^' '-gravity' 'Center' '-crop' '100x100+0+0' '+repage' '/var/folders/zc/j_737dh967l96ss406b94dtm0000gn/T/dragonfly20150503-12027-kcw0so.gif'
D, [2015-05-03T02:18:43.661171 #12027] DEBUG -- : DRAGONFLY: shell command: 'convert' '/Users/jceipek/Development/Tetheron/source/images/loop.gif' '-resize' '100x' '/var/folders/zc/j_737dh967l96ss406b94dtm0000gn/T/dragonfly20150503-12027-15rhc7c.gif'
D, [2015-05-03T02:18:43.987559 #12027] DEBUG -- : DRAGONFLY: shell command: 'convert' '/Users/jceipek/Development/Tetheron/source/images/loop.gif' '-resize' '100x' '/var/folders/zc/j_737dh967l96ss406b94dtm0000gn/T/dragonfly20150503-12027-twpu3q.gif'
D, [2015-05-03T02:18:44.320260 #12027] DEBUG -- : DRAGONFLY: shell command: 'convert' '/Users/jceipek/Development/Tetheron/source/images/loop.gif' '-resize' '100x' '/var/folders/zc/j_737dh967l96ss406b94dtm0000gn/T/dragonfly20150503-12027-3u71bt.gif'
D, [2015-05-03T02:18:44.666843 #12027] DEBUG -- : DRAGONFLY: shell command: 'convert' '/Users/jceipek/Development/Tetheron/source/images/loop.gif' '-resize' '100x' '/var/folders/zc/j_737dh967l96ss406b94dtm0000gn/T/dragonfly20150503-12027-1vsnsr3.gif'
D, [2015-05-03T02:18:45.000660 #12027] DEBUG -- : DRAGONFLY: shell command: 'convert' '/Users/jceipek/Development/Tetheron/source/images/loop.gif' '-resize' '100x' '/var/folders/zc/j_737dh967l96ss406b94dtm0000gn/T/dragonfly20150503-12027-1syj4ph.gif'
D, [2015-05-03T02:18:45.344714 #12027] DEBUG -- : DRAGONFLY: shell command: 'convert' '/Users/jceipek/Development/Tetheron/source/images/loop.gif' '-resize' '100x' '/var/folders/zc/j_737dh967l96ss406b94dtm0000gn/T/dragonfly20150503-12027-1rxue0e.gif'
D, [2015-05-03T02:18:45.711609 #12027] DEBUG -- : DRAGONFLY: shell command: 'convert' '/Users/jceipek/Development/Tetheron/source/images/loop.gif' '-resize' '100x' '/var/folders/zc/j_737dh967l96ss406b94dtm0000gn/T/dragonfly20150503-12027-1wjl177.gif'
D, [2015-05-03T02:18:57.070766 #12027] DEBUG -- : DRAGONFLY: shell command: 'convert' '/Users/jceipek/Development/Tetheron/source/images/loop.gif' '-resize' '300x' '/var/folders/zc/j_737dh967l96ss406b94dtm0000gn/T/dragonfly20150503-12027-25qc2u.gif'
D, [2015-05-03T02:18:58.163772 #12027] DEBUG -- : DRAGONFLY: shell command: 'convert' '/Users/jceipek/Development/Tetheron/source/images/loop.gif' '-resize' '300x' '/var/folders/zc/j_737dh967l96ss406b94dtm0000gn/T/dragonfly20150503-12027-18ctj1c.gif'
D, [2015-05-03T02:18:59.267427 #12027] DEBUG -- : DRAGONFLY: shell command: 'convert' '/Users/jceipek/Development/Tetheron/source/images/loop.gif' '-resize' '300x' '/var/folders/zc/j_737dh967l96ss406b94dtm0000gn/T/dragonfly20150503-12027-meoti2.gif'
D, [2015-05-03T02:19:00.392326 #12027] DEBUG -- : DRAGONFLY: shell command: 'convert' '/Users/jceipek/Development/Tetheron/source/images/loop.gif' '-resize' '300x' '/var/folders/zc/j_737dh967l96ss406b94dtm0000gn/T/dragonfly20150503-12027-1ymd6wf.gif'
D, [2015-05-03T02:19:01.501094 #12027] DEBUG -- : DRAGONFLY: shell command: 'convert' '/Users/jceipek/Development/Tetheron/source/images/loop.gif' '-resize' '300x' '/var/folders/zc/j_737dh967l96ss406b94dtm0000gn/T/dragonfly20150503-12027-owcg41.gif'
D, [2015-05-03T02:19:02.657399 #12027] DEBUG -- : DRAGONFLY: shell command: 'convert' '/Users/jceipek/Development/Tetheron/source/images/loop.gif' '-resize' '300x' '/var/folders/zc/j_737dh967l96ss406b94dtm0000gn/T/dragonfly20150503-12027-14kics0.gif'
D, [2015-05-03T02:19:08.099271 #12083] DEBUG -- : DRAGONFLY: shell command: 'convert' '/Users/jceipek/Development/Tetheron/source/images/loop.gif' '-resize' '300x' '/var/folders/zc/j_737dh967l96ss406b94dtm0000gn/T/dragonfly20150503-12083-1r7dqxs.gif'
D, [2015-05-03T02:19:09.251368 #12083] DEBUG -- : DRAGONFLY: shell command: 'convert' '/Users/jceipek/Development/Tetheron/source/images/loop.gif' '-resize' '300x' '/var/folders/zc/j_737dh967l96ss406b94dtm0000gn/T/dragonfly20150503-12083-u10lj1.gif'
D, [2015-05-03T02:19:10.373342 #12083] DEBUG -- : DRAGONFLY: shell command: 'convert' '/Users/jceipek/Development/Tetheron/source/images/loop.gif' '-resize' '300x' '/var/folders/zc/j_737dh967l96ss406b94dtm0000gn/T/dragonfly20150503-12083-itvavx.gif'
D, [2015-05-03T02:19:11.510529 #12083] DEBUG -- : DRAGONFLY: shell command: 'convert' '/Users/jceipek/Development/Tetheron/source/images/loop.gif' '-resize' '300x' '/var/folders/zc/j_737dh967l96ss406b94dtm0000gn/T/dragonfly20150503-12083-w1dliy.gif'
D, [2015-05-03T02:19:12.660621 #12083] DEBUG -- : DRAGONFLY: shell command: 'convert' '/Users/jceipek/Development/Tetheron/source/images/loop.gif' '-resize' '300x' '/var/folders/zc/j_737dh967l96ss406b94dtm0000gn/T/dragonfly20150503-12083-1knztjn.gif'
D, [2015-05-03T02:19:13.822363 #12083] DEBUG -- : DRAGONFLY: shell command: 'convert' '/Users/jceipek/Development/Tetheron/source/images/loop.gif' '-resize' '300x' '/var/folders/zc/j_737dh967l96ss406b94dtm0000gn/T/dragonfly20150503-12083-yuimhu.gif'
D, [2015-05-03T02:19:14.959590 #12083] DEBUG -- : DRAGONFLY: shell command: 'convert' '/Users/jceipek/Development/Tetheron/source/images/loop.gif' '-resize' '300x' '/var/folders/zc/j_737dh967l96ss406b94dtm0000gn/T/dragonfly20150503-12083-j4o935.gif'
D, [2015-05-03T02:22:24.081633 #12083] DEBUG -- : DRAGONFLY: shell command: 'convert' '/Users/jceipek/Development/Tetheron/source/images/double_demise.png' '-resize' '300x' '/var/folders/zc/j_737dh967l96ss406b94dtm0000gn/T/dragonfly20150503-12083-k8hop5.png'
D, [2015-05-03T02:22:24.185274 #12083] DEBUG -- : DRAGONFLY: shell command: 'convert' '/Users/jceipek/Development/Tetheron/source/images/out_of_options.png' '-resize' '300x' '/var/folders/zc/j_737dh967l96ss406b94dtm0000gn/T/dragonfly20150503-12083-1ecj3w5.png'
D, [2015-05-03T02:22:24.263999 #12083] DEBUG -- : DRAGONFLY: shell command: 'convert' '/Users/jceipek/Development/Tetheron/source/images/swinging_competition.png' '-resize' '300x' '/var/folders/zc/j_737dh967l96ss406b94dtm0000gn/T/dragonfly20150503-12083-yczuvh.png'
D, [2015-05-03T02:28:18.503734 #12222] DEBUG -- : DRAGONFLY: shell command: 'convert' '/Users/jceipek/Development/Tetheron/source/images/screenshots/double_demise.png' '-resize' '300x' '/var/folders/zc/j_737dh967l96ss406b94dtm0000gn/T/dragonfly20150503-12222-1af8m6t.png'
D, [2015-05-03T02:28:18.605423 #12222] DEBUG -- : DRAGONFLY: shell command: 'convert' '/Users/jceipek/Development/Tetheron/source/images/screenshots/out_of_options.png' '-resize' '300x' '/var/folders/zc/j_737dh967l96ss406b94dtm0000gn/T/dragonfly20150503-12222-8yot7d.png'
D, [2015-05-03T02:29:05.092121 #12252] DEBUG -- : DRAGONFLY: shell command: 'convert' '/Users/jceipek/Development/Tetheron/source/images/screenshots/double_demise.png' '-resize' '300x' '/var/folders/zc/j_737dh967l96ss406b94dtm0000gn/T/dragonfly20150503-12252-hqhtv8.png'
D, [2015-05-03T02:29:05.187193 #12252] DEBUG -- : DRAGONFLY: shell command: 'convert' '/Users/jceipek/Development/Tetheron/source/images/screenshots/out_of_options.png' '-resize' '300x' '/var/folders/zc/j_737dh967l96ss406b94dtm0000gn/T/dragonfly20150503-12252-18aga9b.png'
D, [2015-05-03T02:29:05.263079 #12252] DEBUG -- : DRAGONFLY: shell command: 'convert' '/Users/jceipek/Development/Tetheron/source/images/screenshots/swinging_competition.png' '-resize' '300x' '/var/folders/zc/j_737dh967l96ss406b94dtm0000gn/T/dragonfly20150503-12252-1ni2lm8.png'
D, [2015-05-03T02:33:45.518298 #12301] DEBUG -- : DRAGONFLY: shell command: 'convert' '/Users/jceipek/Development/Tetheron/source/images/screenshots/double_demise.png' '-resize' '300x' '/var/folders/zc/j_737dh967l96ss406b94dtm0000gn/T/dragonfly20150503-12301-152plwp.png'
D, [2015-05-03T02:33:45.621121 #12301] DEBUG -- : DRAGONFLY: shell command: 'convert' '/Users/jceipek/Development/Tetheron/source/images/screenshots/out_of_options.png' '-resize' '300x' '/var/folders/zc/j_737dh967l96ss406b94dtm0000gn/T/dragonfly20150503-12301-1o3vhg7.png'
D, [2015-05-03T02:33:45.699691 #12301] DEBUG -- : DRAGONFLY: shell command: 'convert' '/Users/jceipek/Development/Tetheron/source/images/screenshots/swinging_competition.png' '-resize' '300x' '/var/folders/zc/j_737dh967l96ss406b94dtm0000gn/T/dragonfly20150503-12301-156x3da.png'
D, [2015-05-03T02:33:55.838039 #12326] DEBUG -- : DRAGONFLY: shell command: 'convert' '/Users/jceipek/Development/Tetheron/source/images/screenshots/double_demise.png' '-resize' '300x' '/var/folders/zc/j_737dh967l96ss406b94dtm0000gn/T/dragonfly20150503-12326-re95nm.png'
D, [2015-05-03T02:33:55.911129 #12326] DEBUG -- : DRAGONFLY: shell command: 'convert' '/Users/jceipek/Development/Tetheron/source/images/screenshots/out_of_options.png' '-resize' '300x' '/var/folders/zc/j_737dh967l96ss406b94dtm0000gn/T/dragonfly20150503-12326-15c79px.png'
D, [2015-05-03T02:33:55.982901 #12326] DEBUG -- : DRAGONFLY: shell command: 'convert' '/Users/jceipek/Development/Tetheron/source/images/screenshots/swinging_competition.png' '-resize' '300x' '/var/folders/zc/j_737dh967l96ss406b94dtm0000gn/T/dragonfly20150503-12326-1qwhd9w.png'
D, [2015-05-03T02:38:03.385560 #12357] DEBUG -- : DRAGONFLY: shell command: 'convert' '/Users/jceipek/Development/Tetheron/source/images/screenshots/double_demise.png' '-resize' '300x' '/var/folders/zc/j_737dh967l96ss406b94dtm0000gn/T/dragonfly20150503-12357-nuu4za.png'
D, [2015-05-03T02:38:03.485590 #12357] DEBUG -- : DRAGONFLY: shell command: 'convert' '/Users/jceipek/Development/Tetheron/source/images/screenshots/out_of_options.png' '-resize' '300x' '/var/folders/zc/j_737dh967l96ss406b94dtm0000gn/T/dragonfly20150503-12357-1ukuy50.png'
D, [2015-05-03T02:38:03.560272 #12357] DEBUG -- : DRAGONFLY: shell command: 'convert' '/Users/jceipek/Development/Tetheron/source/images/screenshots/swinging_competition.png' '-resize' '300x' '/var/folders/zc/j_737dh967l96ss406b94dtm0000gn/T/dragonfly20150503-12357-4x7mwo.png'
D, [2015-05-03T02:38:34.106144 #12357] DEBUG -- : DRAGONFLY: shell command: 'convert' '/Users/jceipek/Development/Tetheron/source/images/screenshots/double_demise.png' '-resize' '300x' '/var/folders/zc/j_737dh967l96ss406b94dtm0000gn/T/dragonfly20150503-12357-16poh0y.png'
D, [2015-05-03T02:38:34.205778 #12357] DEBUG -- : DRAGONFLY: shell command: 'convert' '/Users/jceipek/Development/Tetheron/source/images/screenshots/out_of_options.png' '-resize' '300x' '/var/folders/zc/j_737dh967l96ss406b94dtm0000gn/T/dragonfly20150503-12357-1iv5c0h.png'
D, [2015-05-03T02:38:34.278088 #12357] DEBUG -- : DRAGONFLY: shell command: 'convert' '/Users/jceipek/Development/Tetheron/source/images/screenshots/swinging_competition.png' '-resize' '300x' '/var/folders/zc/j_737dh967l96ss406b94dtm0000gn/T/dragonfly20150503-12357-q2vage.png'
D, [2015-05-03T02:38:49.721801 #12357] DEBUG -- : DRAGONFLY: shell command: 'convert' '/Users/jceipek/Development/Tetheron/source/images/screenshots/double_demise.png' '-resize' '300x' '/var/folders/zc/j_737dh967l96ss406b94dtm0000gn/T/dragonfly20150503-12357-1gcu92o.png'
D, [2015-05-03T02:38:49.801563 #12357] DEBUG -- : DRAGONFLY: shell command: 'convert' '/Users/jceipek/Development/Tetheron/source/images/screenshots/out_of_options.png' '-resize' '300x' '/var/folders/zc/j_737dh967l96ss406b94dtm0000gn/T/dragonfly20150503-12357-b07i0p.png'
D, [2015-05-03T02:38:49.874481 #12357] DEBUG -- : DRAGONFLY: shell command: 'convert' '/Users/jceipek/Development/Tetheron/source/images/screenshots/swinging_competition.png' '-resize' '300x' '/var/folders/zc/j_737dh967l96ss406b94dtm0000gn/T/dragonfly20150503-12357-xvxcai.png'
D, [2015-05-03T02:40:06.071504 #12357] DEBUG -- : DRAGONFLY: shell command: 'convert' '/Users/jceipek/Development/Tetheron/source/images/screenshots/double_demise.png' '-resize' '300x' '/var/folders/zc/j_737dh967l96ss406b94dtm0000gn/T/dragonfly20150503-12357-7qarfp.png'
D, [2015-05-03T02:40:06.172346 #12357] DEBUG -- : DRAGONFLY: shell command: 'convert' '/Users/jceipek/Development/Tetheron/source/images/screenshots/out_of_options.png' '-resize' '300x' '/var/folders/zc/j_737dh967l96ss406b94dtm0000gn/T/dragonfly20150503-12357-nvp7ob.png'
D, [2015-05-03T02:40:06.255467 #12357] DEBUG -- : DRAGONFLY: shell command: 'convert' '/Users/jceipek/Development/Tetheron/source/images/screenshots/swinging_competition.png' '-resize' '300x' '/var/folders/zc/j_737dh967l96ss406b94dtm0000gn/T/dragonfly20150503-12357-1oiq08u.png'
D, [2015-05-03T02:46:04.766879 #12357] DEBUG -- : DRAGONFLY: shell command: 'convert' '/Users/jceipek/Development/Tetheron/source/images/screenshots/double_demise.png' '-resize' '300x' '/var/folders/zc/j_737dh967l96ss406b94dtm0000gn/T/dragonfly20150503-12357-13aor1r.png'
D, [2015-05-03T02:46:04.882888 #12357] DEBUG -- : DRAGONFLY: shell command: 'convert' '/Users/jceipek/Development/Tetheron/source/images/screenshots/out_of_options.png' '-resize' '300x' '/var/folders/zc/j_737dh967l96ss406b94dtm0000gn/T/dragonfly20150503-12357-1f1adk3.png'
D, [2015-05-03T02:46:04.958691 #12357] DEBUG -- : DRAGONFLY: shell command: 'convert' '/Users/jceipek/Development/Tetheron/source/images/screenshots/swinging_competition.png' '-resize' '300x' '/var/folders/zc/j_737dh967l96ss406b94dtm0000gn/T/dragonfly20150503-12357-1tmrjn7.png'
D, [2015-05-03T02:47:21.681030 #12357] DEBUG -- : DRAGONFLY: shell command: 'convert' '/Users/jceipek/Development/Tetheron/source/images/screenshots/double_demise.png' '-resize' '300x' '/var/folders/zc/j_737dh967l96ss406b94dtm0000gn/T/dragonfly20150503-12357-1j7el29.png'
D, [2015-05-03T02:47:21.782805 #12357] DEBUG -- : DRAGONFLY: shell command: 'convert' '/Users/jceipek/Development/Tetheron/source/images/screenshots/out_of_options.png' '-resize' '300x' '/var/folders/zc/j_737dh967l96ss406b94dtm0000gn/T/dragonfly20150503-12357-1g59awt.png'
D, [2015-05-03T02:47:21.856077 #12357] DEBUG -- : DRAGONFLY: shell command: 'convert' '/Users/jceipek/Development/Tetheron/source/images/screenshots/swinging_competition.png' '-resize' '300x' '/var/folders/zc/j_737dh967l96ss406b94dtm0000gn/T/dragonfly20150503-12357-oypx01.png'
D, [2015-05-03T02:47:27.527400 #12357] DEBUG -- : DRAGONFLY: shell command: 'convert' '/Users/jceipek/Development/Tetheron/source/images/screenshots/double_demise.png' '-resize' '300x' '/var/folders/zc/j_737dh967l96ss406b94dtm0000gn/T/dragonfly20150503-12357-1huilnm.png'
D, [2015-05-03T02:47:27.600374 #12357] DEBUG -- : DRAGONFLY: shell command: 'convert' '/Users/jceipek/Development/Tetheron/source/images/screenshots/out_of_options.png' '-resize' '300x' '/var/folders/zc/j_737dh967l96ss406b94dtm0000gn/T/dragonfly20150503-12357-1h3361d.png'
D, [2015-05-03T02:47:27.673633 #12357] DEBUG -- : DRAGONFLY: shell command: 'convert' '/Users/jceipek/Development/Tetheron/source/images/screenshots/swinging_competition.png' '-resize' '300x' '/var/folders/zc/j_737dh967l96ss406b94dtm0000gn/T/dragonfly20150503-12357-e611yq.png'
D, [2015-05-03T02:49:50.980507 #12357] DEBUG -- : DRAGONFLY: shell command: 'convert' '/Users/jceipek/Development/Tetheron/source/images/screenshots/double_demise.png' '-resize' '300x' '/var/folders/zc/j_737dh967l96ss406b94dtm0000gn/T/dragonfly20150503-12357-1ebdefw.png'
D, [2015-05-03T02:49:51.088860 #12357] DEBUG -- : DRAGONFLY: shell command: 'convert' '/Users/jceipek/Development/Tetheron/source/images/screenshots/out_of_options.png' '-resize' '300x' '/var/folders/zc/j_737dh967l96ss406b94dtm0000gn/T/dragonfly20150503-12357-1iwezip.png'
D, [2015-05-03T02:49:51.169581 #12357] DEBUG -- : DRAGONFLY: shell command: 'convert' '/Users/jceipek/Development/Tetheron/source/images/screenshots/swinging_competition.png' '-resize' '300x' '/var/folders/zc/j_737dh967l96ss406b94dtm0000gn/T/dragonfly20150503-12357-125n02o.png'
D, [2015-05-03T02:50:13.870309 #12357] DEBUG -- : DRAGONFLY: shell command: 'convert' '/Users/jceipek/Development/Tetheron/source/images/screenshots/double_demise.png' '-resize' '300x' '/var/folders/zc/j_737dh967l96ss406b94dtm0000gn/T/dragonfly20150503-12357-1ge1cth.png'
D, [2015-05-03T02:50:13.973925 #12357] DEBUG -- : DRAGONFLY: shell command: 'convert' '/Users/jceipek/Development/Tetheron/source/images/screenshots/out_of_options.png' '-resize' '300x' '/var/folders/zc/j_737dh967l96ss406b94dtm0000gn/T/dragonfly20150503-12357-1o3n5zi.png'
D, [2015-05-03T02:50:14.057443 #12357] DEBUG -- : DRAGONFLY: shell command: 'convert' '/Users/jceipek/Development/Tetheron/source/images/screenshots/swinging_competition.png' '-resize' '300x' '/var/folders/zc/j_737dh967l96ss406b94dtm0000gn/T/dragonfly20150503-12357-n96ubm.png'
D, [2015-05-03T02:50:34.713226 #12357] DEBUG -- : DRAGONFLY: shell command: 'convert' '/Users/jceipek/Development/Tetheron/source/images/screenshots/double_demise.png' '-resize' '300x' '/var/folders/zc/j_737dh967l96ss406b94dtm0000gn/T/dragonfly20150503-12357-99tm9.png'
D, [2015-05-03T02:50:34.813186 #12357] DEBUG -- : DRAGONFLY: shell command: 'convert' '/Users/jceipek/Development/Tetheron/source/images/screenshots/out_of_options.png' '-resize' '300x' '/var/folders/zc/j_737dh967l96ss406b94dtm0000gn/T/dragonfly20150503-12357-b9aty8.png'
D, [2015-05-03T02:50:34.890593 #12357] DEBUG -- : DRAGONFLY: shell command: 'convert' '/Users/jceipek/Development/Tetheron/source/images/screenshots/swinging_competition.png' '-resize' '300x' '/var/folders/zc/j_737dh967l96ss406b94dtm0000gn/T/dragonfly20150503-12357-cqsdvn.png'
D, [2015-05-03T02:50:57.247334 #12357] DEBUG -- : DRAGONFLY: shell command: 'convert' '/Users/jceipek/Development/Tetheron/source/images/screenshots/double_demise.png' '-resize' '300x' '/var/folders/zc/j_737dh967l96ss406b94dtm0000gn/T/dragonfly20150503-12357-1baeeg1.png'
D, [2015-05-03T02:50:57.322703 #12357] DEBUG -- : DRAGONFLY: shell command: 'convert' '/Users/jceipek/Development/Tetheron/source/images/screenshots/out_of_options.png' '-resize' '300x' '/var/folders/zc/j_737dh967l96ss406b94dtm0000gn/T/dragonfly20150503-12357-dmfnv6.png'
D, [2015-05-03T02:50:57.397749 #12357] DEBUG -- : DRAGONFLY: shell command: 'convert' '/Users/jceipek/Development/Tetheron/source/images/screenshots/swinging_competition.png' '-resize' '300x' '/var/folders/zc/j_737dh967l96ss406b94dtm0000gn/T/dragonfly20150503-12357-11lo498.png'
D, [2015-05-03T02:51:03.504305 #12357] DEBUG -- : DRAGONFLY: shell command: 'convert' '/Users/jceipek/Development/Tetheron/source/images/screenshots/double_demise.png' '-resize' '300x' '/var/folders/zc/j_737dh967l96ss406b94dtm0000gn/T/dragonfly20150503-12357-16533dt.png'
D, [2015-05-03T02:51:03.576341 #12357] DEBUG -- : DRAGONFLY: shell command: 'convert' '/Users/jceipek/Development/Tetheron/source/images/screenshots/out_of_options.png' '-resize' '300x' '/var/folders/zc/j_737dh967l96ss406b94dtm0000gn/T/dragonfly20150503-12357-xb9jqb.png'
D, [2015-05-03T02:51:03.649378 #12357] DEBUG -- : DRAGONFLY: shell command: 'convert' '/Users/jceipek/Development/Tetheron/source/images/screenshots/swinging_competition.png' '-resize' '300x' '/var/folders/zc/j_737dh967l96ss406b94dtm0000gn/T/dragonfly20150503-12357-e57q13.png'
D, [2015-05-03T02:51:18.503808 #12357] DEBUG -- : DRAGONFLY: shell command: 'convert' '/Users/jceipek/Development/Tetheron/source/images/screenshots/double_demise.png' '-resize' '300x' '/var/folders/zc/j_737dh967l96ss406b94dtm0000gn/T/dragonfly20150503-12357-ddoz00.png'
D, [2015-05-03T02:51:18.579713 #12357] DEBUG -- : DRAGONFLY: shell command: 'convert' '/Users/jceipek/Development/Tetheron/source/images/screenshots/out_of_options.png' '-resize' '300x' '/var/folders/zc/j_737dh967l96ss406b94dtm0000gn/T/dragonfly20150503-12357-172l837.png'
D, [2015-05-03T02:51:18.652123 #12357] DEBUG -- : DRAGONFLY: shell command: 'convert' '/Users/jceipek/Development/Tetheron/source/images/screenshots/swinging_competition.png' '-resize' '300x' '/var/folders/zc/j_737dh967l96ss406b94dtm0000gn/T/dragonfly20150503-12357-jy1e4d.png'
D, [2015-05-03T02:51:30.960082 #12357] DEBUG -- : DRAGONFLY: shell command: 'convert' '/Users/jceipek/Development/Tetheron/source/images/screenshots/double_demise.png' '-resize' '300x' '/var/folders/zc/j_737dh967l96ss406b94dtm0000gn/T/dragonfly20150503-12357-1ku1nku.png'
D, [2015-05-03T02:51:31.034253 #12357] DEBUG -- : DRAGONFLY: shell command: 'convert' '/Users/jceipek/Development/Tetheron/source/images/screenshots/out_of_options.png' '-resize' '300x' '/var/folders/zc/j_737dh967l96ss406b94dtm0000gn/T/dragonfly20150503-12357-1k2253w.png'
D, [2015-05-03T02:51:31.107030 #12357] DEBUG -- : DRAGONFLY: shell command: 'convert' '/Users/jceipek/Development/Tetheron/source/images/screenshots/swinging_competition.png' '-resize' '300x' '/var/folders/zc/j_737dh967l96ss406b94dtm0000gn/T/dragonfly20150503-12357-1yv3idv.png'
D, [2015-05-03T02:51:40.689223 #12357] DEBUG -- : DRAGONFLY: shell command: 'convert' '/Users/jceipek/Development/Tetheron/source/images/screenshots/double_demise.png' '-resize' '300x' '/var/folders/zc/j_737dh967l96ss406b94dtm0000gn/T/dragonfly20150503-12357-1yko50e.png'
D, [2015-05-03T02:51:40.766199 #12357] DEBUG -- : DRAGONFLY: shell command: 'convert' '/Users/jceipek/Development/Tetheron/source/images/screenshots/out_of_options.png' '-resize' '300x' '/var/folders/zc/j_737dh967l96ss406b94dtm0000gn/T/dragonfly20150503-12357-v7pw0j.png'
D, [2015-05-03T02:51:40.838891 #12357] DEBUG -- : DRAGONFLY: shell command: 'convert' '/Users/jceipek/Development/Tetheron/source/images/screenshots/swinging_competition.png' '-resize' '300x' '/var/folders/zc/j_737dh967l96ss406b94dtm0000gn/T/dragonfly20150503-12357-1szobm7.png'
D, [2015-05-03T02:57:58.718812 #12357] DEBUG -- : DRAGONFLY: shell command: 'convert' '/Users/jceipek/Development/Tetheron/source/images/screenshots/double_demise.png' '-resize' '300x' '/var/folders/zc/j_737dh967l96ss406b94dtm0000gn/T/dragonfly20150503-12357-oz7jg1.png'
D, [2015-05-03T02:57:58.867927 #12357] DEBUG -- : DRAGONFLY: shell command: 'convert' '/Users/jceipek/Development/Tetheron/source/images/screenshots/out_of_options.png' '-resize' '300x' '/var/folders/zc/j_737dh967l96ss406b94dtm0000gn/T/dragonfly20150503-12357-e82t8b.png'
D, [2015-05-03T02:57:58.968465 #12357] DEBUG -- : DRAGONFLY: shell command: 'convert' '/Users/jceipek/Development/Tetheron/source/images/screenshots/swinging_competition.png' '-resize' '300x' '/var/folders/zc/j_737dh967l96ss406b94dtm0000gn/T/dragonfly20150503-12357-1sinspl.png'
D, [2015-05-03T02:58:16.031670 #12357] DEBUG -- : DRAGONFLY: shell command: 'convert' '/Users/jceipek/Development/Tetheron/source/images/screenshots/double_demise.png' '-resize' '300x' '/var/folders/zc/j_737dh967l96ss406b94dtm0000gn/T/dragonfly20150503-12357-1qqhvwj.png'
D, [2015-05-03T02:58:16.221106 #12357] DEBUG -- : DRAGONFLY: shell command: 'convert' '/Users/jceipek/Development/Tetheron/source/images/screenshots/out_of_options.png' '-resize' '300x' '/var/folders/zc/j_737dh967l96ss406b94dtm0000gn/T/dragonfly20150503-12357-jwia8n.png'
D, [2015-05-03T02:58:16.319623 #12357] DEBUG -- : DRAGONFLY: shell command: 'convert' '/Users/jceipek/Development/Tetheron/source/images/screenshots/swinging_competition.png' '-resize' '300x' '/var/folders/zc/j_737dh967l96ss406b94dtm0000gn/T/dragonfly20150503-12357-1aq3kv4.png'
D, [2015-05-03T02:59:03.654764 #12357] DEBUG -- : DRAGONFLY: shell command: 'convert' '/Users/jceipek/Development/Tetheron/source/images/screenshots/double_demise.png' '-resize' '300x' '/var/folders/zc/j_737dh967l96ss406b94dtm0000gn/T/dragonfly20150503-12357-1hhs2un.png'
D, [2015-05-03T02:59:03.754333 #12357] DEBUG -- : DRAGONFLY: shell command: 'convert' '/Users/jceipek/Development/Tetheron/source/images/screenshots/out_of_options.png' '-resize' '300x' '/var/folders/zc/j_737dh967l96ss406b94dtm0000gn/T/dragonfly20150503-12357-86xia4.png'
D, [2015-05-03T02:59:03.828811 #12357] DEBUG -- : DRAGONFLY: shell command: 'convert' '/Users/jceipek/Development/Tetheron/source/images/screenshots/swinging_competition.png' '-resize' '300x' '/var/folders/zc/j_737dh967l96ss406b94dtm0000gn/T/dragonfly20150503-12357-1hu86qt.png'
D, [2015-05-03T03:00:42.057323 #12357] DEBUG -- : DRAGONFLY: shell command: 'convert' '/Users/jceipek/Development/Tetheron/source/images/screenshots/double_demise.png' '-resize' '300x' '/var/folders/zc/j_737dh967l96ss406b94dtm0000gn/T/dragonfly20150503-12357-5rfay3.png'
D, [2015-05-03T03:00:42.202456 #12357] DEBUG -- : DRAGONFLY: shell command: 'convert' '/Users/jceipek/Development/Tetheron/source/images/screenshots/out_of_options.png' '-resize' '300x' '/var/folders/zc/j_737dh967l96ss406b94dtm0000gn/T/dragonfly20150503-12357-1nv0itg.png'
D, [2015-05-03T03:00:42.290439 #12357] DEBUG -- : DRAGONFLY: shell command: 'convert' '/Users/jceipek/Development/Tetheron/source/images/screenshots/swinging_competition.png' '-resize' '300x' '/var/folders/zc/j_737dh967l96ss406b94dtm0000gn/T/dragonfly20150503-12357-1rflhaw.png'
D, [2015-05-03T03:06:43.425566 #12357] DEBUG -- : DRAGONFLY: shell command: 'convert' '/Users/jceipek/Development/Tetheron/source/images/screenshots/double_demise.png' '-resize' '300x' '/var/folders/zc/j_737dh967l96ss406b94dtm0000gn/T/dragonfly20150503-12357-1phndo.png'
D, [2015-05-03T03:06:43.547893 #12357] DEBUG -- : DRAGONFLY: shell command: 'convert' '/Users/jceipek/Development/Tetheron/source/images/screenshots/out_of_options.png' '-resize' '300x' '/var/folders/zc/j_737dh967l96ss406b94dtm0000gn/T/dragonfly20150503-12357-ppjfrh.png'
D, [2015-05-03T03:06:43.627904 #12357] DEBUG -- : DRAGONFLY: shell command: 'convert' '/Users/jceipek/Development/Tetheron/source/images/screenshots/swinging_competition.png' '-resize' '300x' '/var/folders/zc/j_737dh967l96ss406b94dtm0000gn/T/dragonfly20150503-12357-k237je.png'
D, [2015-05-03T03:06:59.384541 #12480] DEBUG -- : DRAGONFLY: shell command: 'convert' '/Users/jceipek/Development/Tetheron/source/images/screenshots/double_demise.png' '-resize' '300x' '/var/folders/zc/j_737dh967l96ss406b94dtm0000gn/T/dragonfly20150503-12480-15ie0o6.png'
D, [2015-05-03T03:06:59.486961 #12480] DEBUG -- : DRAGONFLY: shell command: 'convert' '/Users/jceipek/Development/Tetheron/source/images/screenshots/out_of_options.png' '-resize' '300x' '/var/folders/zc/j_737dh967l96ss406b94dtm0000gn/T/dragonfly20150503-12480-6znrij.png'
D, [2015-05-03T03:06:59.558461 #12480] DEBUG -- : DRAGONFLY: shell command: 'convert' '/Users/jceipek/Development/Tetheron/source/images/screenshots/swinging_competition.png' '-resize' '300x' '/var/folders/zc/j_737dh967l96ss406b94dtm0000gn/T/dragonfly20150503-12480-cscrzl.png'
D, [2015-05-03T03:07:05.915813 #12508] DEBUG -- : DRAGONFLY: shell command: 'convert' '/Users/jceipek/Development/Tetheron/source/images/screenshots/double_demise.png' '-resize' '300x' '/var/folders/zc/j_737dh967l96ss406b94dtm0000gn/T/dragonfly20150503-12508-1asnbx8.png'
D, [2015-05-03T03:07:05.996096 #12508] DEBUG -- : DRAGONFLY: shell command: 'convert' '/Users/jceipek/Development/Tetheron/source/images/screenshots/out_of_options.png' '-resize' '300x' '/var/folders/zc/j_737dh967l96ss406b94dtm0000gn/T/dragonfly20150503-12508-ckoqzo.png'
D, [2015-05-03T03:07:06.071744 #12508] DEBUG -- : DRAGONFLY: shell command: 'convert' '/Users/jceipek/Development/Tetheron/source/images/screenshots/swinging_competition.png' '-resize' '300x' '/var/folders/zc/j_737dh967l96ss406b94dtm0000gn/T/dragonfly20150503-12508-1xnx0nu.png'
D, [2015-05-03T04:02:11.728838 #12659] DEBUG -- : DRAGONFLY: shell command: 'convert' '/Users/jceipek/Development/Tetheron/source/images/screenshots/double_demise.png' '-resize' '300x' '/var/folders/zc/j_737dh967l96ss406b94dtm0000gn/T/dragonfly20150503-12659-nbv47k.png'
D, [2015-05-03T04:02:11.843563 #12659] DEBUG -- : DRAGONFLY: shell command: 'convert' '/Users/jceipek/Development/Tetheron/source/images/screenshots/out_of_options.png' '-resize' '300x' '/var/folders/zc/j_737dh967l96ss406b94dtm0000gn/T/dragonfly20150503-12659-droxkt.png'
D, [2015-05-03T04:02:11.915267 #12659] DEBUG -- : DRAGONFLY: shell command: 'convert' '/Users/jceipek/Development/Tetheron/source/images/screenshots/swinging_competition.png' '-resize' '300x' '/var/folders/zc/j_737dh967l96ss406b94dtm0000gn/T/dragonfly20150503-12659-8zo90b.png'
D, [2015-05-03T04:08:27.103879 #12873] DEBUG -- : DRAGONFLY: shell command: 'convert' '/Users/jceipek/Development/Tetheron/source/images/screenshots/double_demise.png' '-resize' '300x' '/var/folders/zc/j_737dh967l96ss406b94dtm0000gn/T/dragonfly20150503-12873-8z4pdl.png'
D, [2015-05-03T04:08:27.354055 #12873] DEBUG -- : DRAGONFLY: shell command: 'convert' '/Users/jceipek/Development/Tetheron/source/images/screenshots/out_of_options.png' '-resize' '300x' '/var/folders/zc/j_737dh967l96ss406b94dtm0000gn/T/dragonfly20150503-12873-7y199f.png'
D, [2015-05-03T04:08:27.425818 #12873] DEBUG -- : DRAGONFLY: shell command: 'convert' '/Users/jceipek/Development/Tetheron/source/images/screenshots/swinging_competition.png' '-resize' '300x' '/var/folders/zc/j_737dh967l96ss406b94dtm0000gn/T/dragonfly20150503-12873-1tvlqgl.png'
D, [2015-05-03T04:09:28.837686 #12873] DEBUG -- : DRAGONFLY: shell command: 'convert' '/Users/jceipek/Development/Tetheron/source/images/screenshots/double_demise.png' '-resize' '300x' '/var/folders/zc/j_737dh967l96ss406b94dtm0000gn/T/dragonfly20150503-12873-rlwwh5.png'
D, [2015-05-03T04:09:28.941492 #12873] DEBUG -- : DRAGONFLY: shell command: 'convert' '/Users/jceipek/Development/Tetheron/source/images/screenshots/out_of_options.png' '-resize' '300x' '/var/folders/zc/j_737dh967l96ss406b94dtm0000gn/T/dragonfly20150503-12873-x91bz5.png'
D, [2015-05-03T04:09:29.018350 #12873] DEBUG -- : DRAGONFLY: shell command: 'convert' '/Users/jceipek/Development/Tetheron/source/images/screenshots/swinging_competition.png' '-resize' '300x' '/var/folders/zc/j_737dh967l96ss406b94dtm0000gn/T/dragonfly20150503-12873-16h88fl.png'
D, [2015-05-03T04:11:15.546260 #12914] DEBUG -- : DRAGONFLY: shell command: 'convert' '/Users/jceipek/Development/Tetheron/source/images/screenshots/double_demise.png' '-resize' '300x' '/var/folders/zc/j_737dh967l96ss406b94dtm0000gn/T/dragonfly20150503-12914-14qtef1.png'
D, [2015-05-03T04:11:15.648338 #12914] DEBUG -- : DRAGONFLY: shell command: 'convert' '/Users/jceipek/Development/Tetheron/source/images/screenshots/out_of_options.png' '-resize' '300x' '/var/folders/zc/j_737dh967l96ss406b94dtm0000gn/T/dragonfly20150503-12914-f83kfu.png'
D, [2015-05-03T04:11:15.723528 #12914] DEBUG -- : DRAGONFLY: shell command: 'convert' '/Users/jceipek/Development/Tetheron/source/images/screenshots/swinging_competition.png' '-resize' '300x' '/var/folders/zc/j_737dh967l96ss406b94dtm0000gn/T/dragonfly20150503-12914-1vg2poa.png'
D, [2015-05-03T04:11:19.213314 #12939] DEBUG -- : DRAGONFLY: shell command: 'convert' '/Users/jceipek/Development/Tetheron/source/images/screenshots/double_demise.png' '-resize' '300x' '/var/folders/zc/j_737dh967l96ss406b94dtm0000gn/T/dragonfly20150503-12939-1yz0due.png'
D, [2015-05-03T04:11:19.292184 #12939] DEBUG -- : DRAGONFLY: shell command: 'convert' '/Users/jceipek/Development/Tetheron/source/images/screenshots/out_of_options.png' '-resize' '300x' '/var/folders/zc/j_737dh967l96ss406b94dtm0000gn/T/dragonfly20150503-12939-4yvi2i.png'
D, [2015-05-03T04:11:19.366356 #12939] DEBUG -- : DRAGONFLY: shell command: 'convert' '/Users/jceipek/Development/Tetheron/source/images/screenshots/swinging_competition.png' '-resize' '300x' '/var/folders/zc/j_737dh967l96ss406b94dtm0000gn/T/dragonfly20150503-12939-1ddauxz.png'
